nohup: ignoring input
Starting watch script for Laravel assets...
Watching directories: /var/www/tco-staging/resources/css and /var/www/tco-staging/resources/js
Build logs will be saved to: /var/www/tco-staging/npm_build.log
Running initial build...
Changes detected! Running npm build at Sat Mar  8 08:25:28 AM UTC 2025
Build completed at Sat Mar  8 08:25:30 AM UTC 2025
----------------------------------------
Now watching for changes...
Setting up watches.  Beware: since -r was given, this may take a while!
Watches established.
/var/www/tco-staging/resources/js/ MODIFY app.js
Changes detected! Running npm build at Sat Mar  8 08:30:17 AM UTC 2025
Build completed at Sat Mar  8 08:30:18 AM UTC 2025
----------------------------------------
Setting up watches.  Beware: since -r was given, this may take a while!
Watches established.
/var/www/tco-staging/resources/css/ MODIFY app.css
Changes detected! Running npm build at Sat Mar  8 09:13:51 AM UTC 2025
Build completed at Sat Mar  8 09:13:53 AM UTC 2025
----------------------------------------
Setting up watches.  Beware: since -r was given, this may take a while!
Watches established.
/var/www/tco-staging/resources/js/ MODIFY app.js
Changes detected! Running npm build at Sat Mar  8 09:17:23 AM UTC 2025
Build completed at Sat Mar  8 09:17:25 AM UTC 2025
----------------------------------------
Setting up watches.  Beware: since -r was given, this may take a while!
Watches established.
/var/www/tco-staging/resources/css/ MODIFY app.css
Changes detected! Running npm build at Sat Mar  8 09:27:55 AM UTC 2025
Build completed at Sat Mar  8 09:27:57 AM UTC 2025
----------------------------------------
Setting up watches.  Beware: since -r was given, this may take a while!
Watches established.
/var/www/tco-staging/resources/css/ MODIFY app.css
Changes detected! Running npm build at Sat Mar  8 09:29:43 AM UTC 2025
Build completed at Sat Mar  8 09:29:45 AM UTC 2025
----------------------------------------
Setting up watches.  Beware: since -r was given, this may take a while!
Watches established.
/var/www/tco-staging/resources/css/ MODIFY app.css
Changes detected! Running npm build at Sat Mar  8 09:33:28 AM UTC 2025
Build completed at Sat Mar  8 09:33:30 AM UTC 2025
----------------------------------------
Setting up watches.  Beware: since -r was given, this may take a while!
Watches established.
/var/www/tco-staging/resources/css/ MODIFY app.css
Changes detected! Running npm build at Sat Mar  8 09:35:07 AM UTC 2025
Build completed at Sat Mar  8 09:35:09 AM UTC 2025
----------------------------------------
Setting up watches.  Beware: since -r was given, this may take a while!
Watches established.
/var/www/tco-staging/resources/css/ MODIFY app.css
Changes detected! Running npm build at Sat Mar  8 09:36:32 AM UTC 2025
Build completed at Sat Mar  8 09:36:34 AM UTC 2025
----------------------------------------
Setting up watches.  Beware: since -r was given, this may take a while!
Watches established.
/var/www/tco-staging/resources/css/ MODIFY app.css
Changes detected! Running npm build at Sat Mar  8 09:38:49 AM UTC 2025
Build completed at Sat Mar  8 09:38:51 AM UTC 2025
----------------------------------------
Setting up watches.  Beware: since -r was given, this may take a while!
Watches established.
/var/www/tco-staging/resources/css/ MODIFY app.css
Changes detected! Running npm build at Sat Mar  8 09:39:15 AM UTC 2025
Build completed at Sat Mar  8 09:39:16 AM UTC 2025
----------------------------------------
Setting up watches.  Beware: since -r was given, this may take a while!
Watches established.
/var/www/tco-staging/resources/css/ MODIFY app.css
Changes detected! Running npm build at Sat Mar  8 09:39:31 AM UTC 2025
Build completed at Sat Mar  8 09:39:34 AM UTC 2025
----------------------------------------
Setting up watches.  Beware: since -r was given, this may take a while!
Watches established.
/var/www/tco-staging/resources/css/ MODIFY app.css
Changes detected! Running npm build at Sat Mar  8 09:40:11 AM UTC 2025
Build completed at Sat Mar  8 09:40:13 AM UTC 2025
----------------------------------------
Setting up watches.  Beware: since -r was given, this may take a while!
Watches established.
/var/www/tco-staging/resources/css/ MODIFY app.css
Changes detected! Running npm build at Sat Mar  8 09:41:00 AM UTC 2025
Build completed at Sat Mar  8 09:41:02 AM UTC 2025
----------------------------------------
Setting up watches.  Beware: since -r was given, this may take a while!
Watches established.
/var/www/tco-staging/resources/css/ MODIFY app.css
Changes detected! Running npm build at Sat Mar  8 09:41:22 AM UTC 2025
Build completed at Sat Mar  8 09:41:24 AM UTC 2025
----------------------------------------
Setting up watches.  Beware: since -r was given, this may take a while!
Watches established.
/var/www/tco-staging/resources/css/ MODIFY app.css
Changes detected! Running npm build at Sat Mar  8 12:02:57 PM UTC 2025
Build completed at Sat Mar  8 12:02:59 PM UTC 2025
----------------------------------------
Setting up watches.  Beware: since -r was given, this may take a while!
Watches established.
/var/www/tco-staging/resources/js/ MODIFY app.js
Changes detected! Running npm build at Sat Mar  8 12:04:59 PM UTC 2025
Build completed at Sat Mar  8 12:05:01 PM UTC 2025
----------------------------------------
Setting up watches.  Beware: since -r was given, this may take a while!
Watches established.
/var/www/tco-staging/resources/js/ MODIFY app.js
Changes detected! Running npm build at Sat Mar  8 12:25:44 PM UTC 2025
Build completed at Sat Mar  8 12:25:46 PM UTC 2025
----------------------------------------
Setting up watches.  Beware: since -r was given, this may take a while!
Watches established.
/var/www/tco-staging/resources/css/ MODIFY app.css
Changes detected! Running npm build at Sat Mar  8 12:41:22 PM UTC 2025
Build completed at Sat Mar  8 12:41:24 PM UTC 2025
----------------------------------------
Setting up watches.  Beware: since -r was given, this may take a while!
Watches established.
/var/www/tco-staging/resources/js/ MODIFY app.js
Changes detected! Running npm build at Sat Mar  8 12:43:52 PM UTC 2025
Build completed at Sat Mar  8 12:43:54 PM UTC 2025
----------------------------------------
Setting up watches.  Beware: since -r was given, this may take a while!
Watches established.
/var/www/tco-staging/resources/js/ MODIFY app.js
Changes detected! Running npm build at Sat Mar  8 12:47:15 PM UTC 2025
Build completed at Sat Mar  8 12:47:17 PM UTC 2025
----------------------------------------
Setting up watches.  Beware: since -r was given, this may take a while!
Watches established.
/var/www/tco-staging/resources/js/ MODIFY app.js
Changes detected! Running npm build at Sat Mar  8 12:52:27 PM UTC 2025
Build completed at Sat Mar  8 12:52:29 PM UTC 2025
----------------------------------------
Setting up watches.  Beware: since -r was given, this may take a while!
Watches established.
/var/www/tco-staging/resources/css/ MODIFY app.css
Changes detected! Running npm build at Sat Mar  8 12:52:39 PM UTC 2025
Build completed at Sat Mar  8 12:52:41 PM UTC 2025
----------------------------------------
Setting up watches.  Beware: since -r was given, this may take a while!
Watches established.
/var/www/tco-staging/resources/css/ MODIFY app.css
Changes detected! Running npm build at Sat Mar  8 12:57:11 PM UTC 2025
Build completed at Sat Mar  8 12:57:13 PM UTC 2025
----------------------------------------
Setting up watches.  Beware: since -r was given, this may take a while!
Watches established.
/var/www/tco-staging/resources/css/ MODIFY app.css
Changes detected! Running npm build at Sat Mar  8 12:59:07 PM UTC 2025
Build completed at Sat Mar  8 12:59:09 PM UTC 2025
----------------------------------------
Setting up watches.  Beware: since -r was given, this may take a while!
Watches established.
/var/www/tco-staging/resources/css/ MODIFY app.css
Changes detected! Running npm build at Sat Mar  8 01:05:43 PM UTC 2025
Build completed at Sat Mar  8 01:05:45 PM UTC 2025
----------------------------------------
Setting up watches.  Beware: since -r was given, this may take a while!
Watches established.
/var/www/tco-staging/resources/css/ MODIFY app.css
Changes detected! Running npm build at Sat Mar  8 01:07:59 PM UTC 2025
Build completed at Sat Mar  8 01:08:01 PM UTC 2025
----------------------------------------
Setting up watches.  Beware: since -r was given, this may take a while!
Watches established.
/var/www/tco-staging/resources/js/ MODIFY app.js
Changes detected! Running npm build at Sat Mar  8 01:10:49 PM UTC 2025
Build completed at Sat Mar  8 01:10:51 PM UTC 2025
----------------------------------------
Setting up watches.  Beware: since -r was given, this may take a while!
Watches established.
/var/www/tco-staging/resources/css/ MODIFY app.css
Changes detected! Running npm build at Sat Mar  8 01:10:57 PM UTC 2025
Build completed at Sat Mar  8 01:10:58 PM UTC 2025
----------------------------------------
Setting up watches.  Beware: since -r was given, this may take a while!
Watches established.
/var/www/tco-staging/resources/css/ MODIFY app.css
Changes detected! Running npm build at Sat Mar  8 01:15:22 PM UTC 2025
Build completed at Sat Mar  8 01:15:24 PM UTC 2025
----------------------------------------
Setting up watches.  Beware: since -r was given, this may take a while!
Watches established.
/var/www/tco-staging/resources/css/ MODIFY app.css
Changes detected! Running npm build at Sat Mar  8 01:43:51 PM UTC 2025
Build completed at Sat Mar  8 01:43:53 PM UTC 2025
----------------------------------------
Setting up watches.  Beware: since -r was given, this may take a while!
Watches established.
/var/www/tco-staging/resources/js/ MODIFY app.js
Changes detected! Running npm build at Sat Mar  8 01:46:36 PM UTC 2025
Build completed at Sat Mar  8 01:46:38 PM UTC 2025
----------------------------------------
Setting up watches.  Beware: since -r was given, this may take a while!
Watches established.
/var/www/tco-staging/resources/css/ MODIFY app.css
Changes detected! Running npm build at Sat Mar  8 01:47:43 PM UTC 2025
Build completed at Sat Mar  8 01:47:45 PM UTC 2025
----------------------------------------
Setting up watches.  Beware: since -r was given, this may take a while!
Watches established.
/var/www/tco-staging/resources/css/ MODIFY app.css
Changes detected! Running npm build at Sat Mar  8 01:56:13 PM UTC 2025
Build completed at Sat Mar  8 01:56:15 PM UTC 2025
----------------------------------------
Setting up watches.  Beware: since -r was given, this may take a while!
Watches established.
/var/www/tco-staging/resources/css/ MODIFY app.css
Changes detected! Running npm build at Sat Mar  8 01:57:44 PM UTC 2025
Build completed at Sat Mar  8 01:57:46 PM UTC 2025
----------------------------------------
Setting up watches.  Beware: since -r was given, this may take a while!
Watches established.
/var/www/tco-staging/resources/js/ MODIFY app.js
Changes detected! Running npm build at Sat Mar  8 02:10:28 PM UTC 2025
Build completed at Sat Mar  8 02:10:30 PM UTC 2025
----------------------------------------
Setting up watches.  Beware: since -r was given, this may take a while!
Watches established.
/var/www/tco-staging/resources/css/ MODIFY app.css
Changes detected! Running npm build at Sat Mar  8 02:13:04 PM UTC 2025
Build completed at Sat Mar  8 02:13:06 PM UTC 2025
----------------------------------------
Setting up watches.  Beware: since -r was given, this may take a while!
Watches established.
/var/www/tco-staging/resources/css/ MODIFY app.css
Changes detected! Running npm build at Sat Mar  8 02:16:40 PM UTC 2025
Build completed at Sat Mar  8 02:16:42 PM UTC 2025
----------------------------------------
Setting up watches.  Beware: since -r was given, this may take a while!
Watches established.
